Release 14.7 Map P.20131013 (lin)
Xilinx Mapping Report File for Design 'Top'

Design Information
------------------
Command Line   : map -intstyle ise -p xc6slx9-tqg144-2 -w -logic_opt off -ol
high -t 1 -xt 0 -register_duplication off -r 4 -global_opt off -mt off -ir off
-pr off -lc off -power off -o Top_map.ncd Top.ngd Top.pcf 
Target Device  : xc6slx9
Target Package : tqg144
Target Speed   : -2
Mapper Version : spartan6 -- $Revision: 1.55 $
Mapped Date    : Wed Jul 29 16:50:14 2015

Design Summary
--------------
Number of errors:      0
Number of warnings:    3
Slice Logic Utilization:
  Number of Slice Registers:                   443 out of  11,440    3%
    Number used as Flip Flops:                 442
    Number used as Latches:                      1
    Number used as Latch-thrus:                  0
    Number used as AND/OR logics:                0
  Number of Slice LUTs:                        986 out of   5,720   17%
    Number used as logic:                      728 out of   5,720   12%
      Number using O6 output only:             576
      Number using O5 output only:              46
      Number using O5 and O6:                  106
      Number used as ROM:                        0
    Number used as Memory:                     256 out of   1,440   17%
      Number used as Dual Port RAM:              0
      Number used as Single Port RAM:          256
        Number using O6 output only:           256
        Number using O5 output only:             0
        Number using O5 and O6:                  0
      Number used as Shift Register:             0
    Number used exclusively as route-thrus:      2
      Number with same-slice register load:      0
      Number with same-slice carry load:         2
      Number with other load:                    0

Slice Logic Distribution:
  Number of occupied Slices:                   422 out of   1,430   29%
  Number of MUXCYs used:                        80 out of   2,860    2%
  Number of LUT Flip Flop pairs used:        1,257
    Number with an unused Flip Flop:           823 out of   1,257   65%
    Number with an unused LUT:                 271 out of   1,257   21%
    Number of fully used LUT-FF pairs:         163 out of   1,257   12%
    Number of unique control sets:              72
    Number of slice register sites lost
      to control set restrictions:             117 out of  11,440    1%

  A LUT Flip Flop pair for this architecture represents one LUT paired with
  one Flip Flop within a slice.  A control set is a unique combination of
  clock, reset, set, and enable signals for a registered element.
  The Slice Logic Distribution report is not meaningful if the design is
  over-mapped for a non-slice resource or if Placement fails.

IO Utilization:
  Number of bonded IOBs:                        72 out of     102   70%
    Number of LOCed IOBs:                       72 out of      72  100%
    IOB Latches:                                 1

Specific Feature Utilization:
  Number of RAMB16BWERs:                         0 out of      32    0%
  Number of RAMB8BWERs:                          0 out of      64    0%
  Number of BUFIO2/BUFIO2_2CLKs:                 0 out of      32    0%
  Number of BUFIO2FB/BUFIO2FB_2CLKs:             0 out of      32    0%
  Number of BUFG/BUFGMUXs:                       6 out of      16   37%
    Number used as BUFGs:                        6
    Number used as BUFGMUX:                      0
  Number of DCM/DCM_CLKGENs:                     0 out of       4    0%
  Number of ILOGIC2/ISERDES2s:                   0 out of     200    0%
  Number of IODELAY2/IODRP2/IODRP2_MCBs:         0 out of     200    0%
  Number of OLOGIC2/OSERDES2s:                   1 out of     200    1%
    Number used as OLOGIC2s:                     1
    Number used as OSERDES2s:                    0
  Number of BSCANs:                              0 out of       4    0%
  Number of BUFHs:                               0 out of     128    0%
  Number of BUFPLLs:                             0 out of       8    0%
  Number of BUFPLL_MCBs:                         0 out of       4    0%
  Number of DSP48A1s:                            0 out of      16    0%
  Number of ICAPs:                               0 out of       1    0%
  Number of MCBs:                                0 out of       2    0%
  Number of PCILOGICSEs:                         0 out of       2    0%
  Number of PLL_ADVs:                            0 out of       2    0%
  Number of PMVs:                                0 out of       1    0%
  Number of STARTUPs:                            0 out of       1    0%
  Number of SUSPEND_SYNCs:                       0 out of       1    0%

Average Fanout of Non-Clock Nets:                5.76

Peak Memory Usage:  244 MB
Total REAL time to MAP completion:  7 secs 
Total CPU time to MAP completion:   7 secs 

Table of Contents
-----------------
Section 1 - Errors
Section 2 - Warnings
Section 3 - Informational
Section 4 - Removed Logic Summary
Section 5 - Removed Logic
Section 6 - IOB Properties
Section 7 - RPMs
Section 8 - Guide Report
Section 9 - Area Group and Partition Summary
Section 10 - Timing Report
Section 11 - Configuration String Information
Section 12 - Control Set Information
Section 13 - Utilization by Hierarchy

Section 1 - Errors
------------------

Section 2 - Warnings
--------------------
WARNING:PhysDesignRules:372 - Gated clock. Clock net notuwe_OBUF is sourced by a
   combinatorial pin. This is not good design practice. Use the CE pin to
   control the loading of data into the flip-flop.
WARNING:PhysDesignRules:372 - Gated clock. Clock net rnotw_notuds_AND_12_o_inv
   is sourced by a combinatorial pin. This is not good design practice. Use the
   CE pin to control the loading of data into the flip-flop.
WARNING:PhysDesignRules:372 - Gated clock. Clock net notlwe_OBUF is sourced by a
   combinatorial pin. This is not good design practice. Use the CE pin to
   control the loading of data into the flip-flop.

Section 3 - Informational
-------------------------
INFO:LIT:243 - Logical network addr<18>_IBUF has no load.
INFO:LIT:395 - The above info message is repeated 10 more times for the
   following (max. 5 shown):
   addr<17>_IBUF,
   addr<16>_IBUF,
   addr<15>_IBUF,
   addr<14>_IBUF,
   addr<13>_IBUF
   To see the details of these info messages, please use the -detail switch.
INFO:MapLib:562 - No environment variables are currently set.
INFO:MapLib:159 - Net Timing constraints on signal clk are pushed forward
   through input buffer.
INFO:LIT:244 - All of the single ended outputs in this design are using slew
   rate limited output drivers. The delay on speed critical single ended outputs
   can be dramatically reduced by designating them as fast outputs.
INFO:Pack:1716 - Initializing temperature to 85.000 Celsius. (default - Range:
   0.000 to 85.000 Celsius)
INFO:Pack:1720 - Initializing voltage to 1.140 Volts. (default - Range: 1.140 to
   1.260 Volts)
INFO:Map:215 - The Interim Design Summary has been generated in the MAP Report
   (.mrp).
INFO:Pack:1650 - Map created a placed design.

Section 4 - Removed Logic Summary
---------------------------------
   2 block(s) optimized away

Section 5 - Removed Logic
-------------------------

Optimized Block(s):
TYPE 		BLOCK
GND 		XST_GND
VCC 		XST_VCC

To enable printing of redundant blocks removed and signals merged, set the
detailed map report option and rerun map.

Section 6 - IOB Properties
--------------------------

+---------------------------------------------------------------------------------------------------------------------------------------------------------+
| IOB Name                           | Type             | Direction | IO Standard          | Diff  | Drive    | Slew | Reg (s)      | Resistor | IOB      |
|                                    |                  |           |                      | Term  | Strength | Rate |              |          | Delay    |
+---------------------------------------------------------------------------------------------------------------------------------------------------------+
| addr<0>                            | IOB              | INPUT     | LVCMOS33             |       |          |      |              |          |          |
| addr<1>                            | IOB              | INPUT     | LVCMOS33             |       |          |      |              |          |          |
| addr<2>                            | IOB              | INPUT     | LVCMOS33             |       |          |      |              |          |          |
| addr<3>                            | IOB              | INPUT     | LVCMOS33             |       |          |      |              |          |          |
| addr<4>                            | IOB              | INPUT     | LVCMOS33             |       |          |      |              |          |          |
| addr<5>                            | IOB              | INPUT     | LVCMOS33             |       |          |      |              |          |          |
| addr<6>                            | IOB              | INPUT     | LVCMOS33             |       |          |      |              |          |          |
| addr<7>                            | IOB              | INPUT     | LVCMOS33             |       |          |      |              |          |          |
| addr<8>                            | IOB              | INPUT     | LVCMOS33             |       |          |      |              |          |          |
| addr<9>                            | IOB              | INPUT     | LVCMOS33             |       |          |      |              |          |          |
| addr<10>                           | IOB              | INPUT     | LVCMOS33             |       |          |      |              |          |          |
| addr<11>                           | IOB              | INPUT     | LVCMOS33             |       |          |      |              |          |          |
| addr<12>                           | IOB              | INPUT     | LVCMOS33             |       |          |      |              |          |          |
| addr<13>                           | IOB              | INPUT     | LVCMOS33             |       |          |      |              |          |          |
| addr<14>                           | IOB              | INPUT     | LVCMOS33             |       |          |      |              |          |          |
| addr<15>                           | IOB              | INPUT     | LVCMOS33             |       |          |      |              |          |          |
| addr<16>                           | IOB              | INPUT     | LVCMOS33             |       |          |      |              |          |          |
| addr<17>                           | IOB              | INPUT     | LVCMOS33             |       |          |      |              |          |          |
| addr<18>                           | IOB              | INPUT     | LVCMOS33             |       |          |      |              |          |          |
| addr<19>                           | IOB              | INPUT     | LVCMOS33             |       |          |      |              |          |          |
| addr<20>                           | IOB              | INPUT     | LVCMOS33             |       |          |      |              |          |          |
| addr<21>                           | IOB              | INPUT     | LVCMOS33             |       |          |      |              |          |          |
| addr<22>                           | IOB              | INPUT     | LVCMOS33             |       |          |      |              |          |          |
| baudout                            | IOB              | OUTPUT    | LVCMOS33             |       | 12       | SLOW |              |          |          |
| button                             | IOB              | INPUT     | LVCMOS33             |       |          |      |              |          |          |
| clk                                | IOB              | INPUT     | LVCMOS33             |       |          |      |              |          |          |
| cpuclock                           | IOB              | OUTPUT    | LVCMOS33             |       | 12       | SLOW | OLATCH       |          |          |
| data<0>                            | IOB              | BIDIR     | LVCMOS33             |       | 12       | SLOW |              |          |          |
| data<1>                            | IOB              | BIDIR     | LVCMOS33             |       | 12       | SLOW |              |          |          |
| data<2>                            | IOB              | BIDIR     | LVCMOS33             |       | 12       | SLOW |              |          |          |
| data<3>                            | IOB              | BIDIR     | LVCMOS33             |       | 12       | SLOW |              |          |          |
| data<4>                            | IOB              | BIDIR     | LVCMOS33             |       | 12       | SLOW |              |          |          |
| data<5>                            | IOB              | BIDIR     | LVCMOS33             |       | 12       | SLOW |              |          |          |
| data<6>                            | IOB              | BIDIR     | LVCMOS33             |       | 12       | SLOW |              |          |          |
| data<7>                            | IOB              | BIDIR     | LVCMOS33             |       | 12       | SLOW |              |          |          |
| data<8>                            | IOB              | BIDIR     | LVCMOS33             |       | 12       | SLOW |              |          |          |
| data<9>                            | IOB              | BIDIR     | LVCMOS33             |       | 12       | SLOW |              |          |          |
| data<10>                           | IOB              | BIDIR     | LVCMOS33             |       | 12       | SLOW |              |          |          |
| data<11>                           | IOB              | BIDIR     | LVCMOS33             |       | 12       | SLOW |              |          |          |
| data<12>                           | IOB              | BIDIR     | LVCMOS33             |       | 12       | SLOW |              |          |          |
| data<13>                           | IOB              | BIDIR     | LVCMOS33             |       | 12       | SLOW |              |          |          |
| data<14>                           | IOB              | BIDIR     | LVCMOS33             |       | 12       | SLOW |              |          |          |
| data<15>                           | IOB              | BIDIR     | LVCMOS33             |       | 12       | SLOW |              |          |          |
| dtack                              | IOB              | OUTPUT    | LVCMOS33             |       | 12       | SLOW |              |          |          |
| ipl<0>                             | IOB              | OUTPUT    | LVCMOS33             |       | 12       | SLOW |              |          |          |
| ipl<1>                             | IOB              | OUTPUT    | LVCMOS33             |       | 12       | SLOW |              |          |          |
| ipl<2>                             | IOB              | OUTPUT    | LVCMOS33             |       | 12       | SLOW |              |          |          |
| leds<0>                            | IOB              | OUTPUT    | LVCMOS33             |       | 12       | SLOW |              |          |          |
| leds<1>                            | IOB              | OUTPUT    | LVCMOS33             |       | 12       | SLOW |              |          |          |
| leds<2>                            | IOB              | OUTPUT    | LVCMOS33             |       | 12       | SLOW |              |          |          |
| leds<3>                            | IOB              | OUTPUT    | LVCMOS33             |       | 12       | SLOW |              |          |          |
| leds<4>                            | IOB              | OUTPUT    | LVCMOS33             |       | 12       | SLOW |              |          |          |
| leds<5>                            | IOB              | OUTPUT    | LVCMOS33             |       | 12       | SLOW |              |          |          |
| leds<6>                            | IOB              | OUTPUT    | LVCMOS33             |       | 12       | SLOW |              |          |          |
| leds<7>                            | IOB              | OUTPUT    | LVCMOS33             |       | 12       | SLOW |              |          |          |
| notas                              | IOB              | INPUT     | LVCMOS33             |       |          |      |              |          |          |
| notavec                            | IOB              | INPUT     | LVCMOS33             |       |          |      |              |          |          |
| notberr                            | IOB              | OUTPUT    | LVCMOS33             |       | 12       | SLOW |              |          |          |
| notbg                              | IOB              | INPUT     | LVCMOS33             |       |          |      |              |          |          |
| notbr                              | IOB              | OUTPUT    | LVCMOS33             |       | 12       | SLOW |              |          |          |
| notcpuhalt                         | IOB              | OUTPUT    | LVCMOS33             |       | 12       | SLOW |              |          |          |
| notcpureset                        | IOB              | OUTPUT    | LVCMOS33             |       | 12       | SLOW |              |          |          |
| notextramcs                        | IOB              | OUTPUT    | LVCMOS33             |       | 12       | SLOW |              |          |          |
| notlds                             | IOB              | INPUT     | LVCMOS33             |       |          |      |              |          |          |
| notlwe                             | IOB              | OUTPUT    | LVCMOS33             |       | 12       | SLOW |              |          |          |
| notoe                              | IOB              | OUTPUT    | LVCMOS33             |       | 12       | SLOW |              |          |          |
| notuds                             | IOB              | INPUT     | LVCMOS33             |       |          |      |              |          |          |
| notuwe                             | IOB              | OUTPUT    | LVCMOS33             |       | 12       | SLOW |              |          |          |
| rnotw                              | IOB              | INPUT     | LVCMOS33             |       |          |      |              |          |          |
| rx                                 | IOB              | INPUT     | LVCMOS33             |       |          |      |              |          |          |
| sysreset                           | IOB              | INPUT     | LVCMOS33             |       |          |      |              |          |          |
| tx                                 | IOB              | OUTPUT    | LVCMOS33             |       | 12       | SLOW |              |          |          |
+---------------------------------------------------------------------------------------------------------------------------------------------------------+

Section 7 - RPMs
----------------

Section 8 - Guide Report
------------------------
Guide not run on this design.

Section 9 - Area Group and Partition Summary
--------------------------------------------

Partition Implementation Status
-------------------------------

  No Partitions were found in this design.

-------------------------------

Area Group Information
----------------------

  No area groups were found in this design.

----------------------

Section 10 - Timing Report
--------------------------
A logic-level (pre-route) timing report can be generated by using Xilinx static
timing analysis tools, Timing Analyzer (GUI) or TRCE (command line), with the
mapped NCD and PCF files. Please note that this timing report will be generated
using estimated delay information. For accurate numbers, please generate a
timing report with the post Place and Route NCD file.

For more information about the Timing Analyzer, consult the Xilinx Timing
Analyzer Reference Manual; for more information about TRCE, consult the Xilinx
Command Line Tools User Guide "TRACE" chapter.

Section 11 - Configuration String Details
-----------------------------------------
Use the "-detail" map option to print out Configuration Strings

Section 12 - Control Set Information
------------------------------------
Use the "-detail" map option to print out Control Set Information.

Section 13 - Utilization by Hierarchy
-------------------------------------
Use the "-detail" map option to print out the Utilization by Hierarchy section.
